[2025-05-27 12:36:31] ERROR: Erreur PDO lors de la récupération des journaux pour le filtre: SQLSTATE[42S22]: [Microsoft][ODBC Driver 17 for SQL Server][SQL Server]Nom de colonne non valide : 'Nom_Journal'.
[2025-05-27 12:38:59] ERROR: Erreur PDO lors de la récupération des journaux pour le filtre: SQLSTATE[42S22]: [Microsoft][ODBC Driver 17 for SQL Server][SQL Server]Nom de colonne non valide : 'Nom_Journal'.
[2025-05-27 12:39:18] ERROR: Erreur PDO lors de la récupération des journaux pour le filtre: SQLSTATE[42S22]: [Microsoft][ODBC Driver 17 for SQL Server][SQL Server]Nom de colonne non valide : 'Nom_Journal'.
[2025-05-27 12:39:18] ERROR: Erreur PDO lors de la génération du Journal Général: SQLSTATE[42S22]: [Microsoft][ODBC Driver 17 for SQL Server][SQL Server]Nom de colonne non valide : 'Nom_Journal'.
[2025-05-27 12:40:18] ERROR: Erreur PDO lors de la récupération des journaux pour le filtre: SQLSTATE[42S22]: [Microsoft][ODBC Driver 17 for SQL Server][SQL Server]Nom de colonne non valide : 'Nom_Journal'.
[2025-05-27 12:40:18] ERROR: Erreur PDO lors de la génération du Journal Général: SQLSTATE[42S22]: [Microsoft][ODBC Driver 17 for SQL Server][SQL Server]Nom de colonne non valide : 'Nom_Journal'.
[2025-05-27 12:40:41] ERROR: Erreur PDO lors de la récupération des journaux pour le filtre: SQLSTATE[42S22]: [Microsoft][ODBC Driver 17 for SQL Server][SQL Server]Nom de colonne non valide : 'Nom_Journal'.
[2025-05-27 12:40:41] ERROR: Erreur PDO lors de la génération du Journal Général: SQLSTATE[42S22]: [Microsoft][ODBC Driver 17 for SQL Server][SQL Server]Nom de colonne non valide : 'Nom_Journal'.
[2025-05-27 12:40:57] ERROR: Erreur PDO lors de la récupération des journaux pour le filtre: SQLSTATE[42S22]: [Microsoft][ODBC Driver 17 for SQL Server][SQL Server]Nom de colonne non valide : 'Nom_Journal'.
[2025-05-27 12:40:58] ERROR: Erreur PDO lors de la génération du Journal Général: SQLSTATE[42S22]: [Microsoft][ODBC Driver 17 for SQL Server][SQL Server]Nom de colonne non valide : 'Nom_Journal'.
[2025-05-27 12:41:23] ERROR: Erreur PDO lors de la récupération des journaux pour le filtre: SQLSTATE[42S22]: [Microsoft][ODBC Driver 17 for SQL Server][SQL Server]Nom de colonne non valide : 'Nom_Journal'.
[2025-05-27 12:41:23] ERROR: Erreur PDO lors de la génération du Journal Général: SQLSTATE[22007]: [Microsoft][ODBC Driver 17 for SQL Server][SQL Server]La conversion d'un type de données nvarchar en type de données datetime a créé une valeur hors limites.
[2025-05-27 12:43:05] ERROR: Erreur PDO lors de la génération du Grand Livre: SQLSTATE[42S22]: [Microsoft][ODBC Driver 17 for SQL Server][SQL Server]Nom de colonne non valide : 'Nom_Journal'.
[2025-05-27 12:43:32] ERROR: Erreur PDO lors de la génération du Grand Livre: SQLSTATE[22007]: [Microsoft][ODBC Driver 17 for SQL Server][SQL Server]La conversion d'un type de données nvarchar en type de données datetime a créé une valeur hors limites.
[2025-05-27 12:45:24] ERROR: Erreur lors de la génération du Tableau des Flux de Trésorerie: SQLSTATE[IMSSP]: An error occurred substituting the named parameters.
[2025-05-27 13:23:06] ERROR: Erreur PDO lors de la récupération des journaux pour le filtre: SQLSTATE[42S22]: [Microsoft][ODBC Driver 17 for SQL Server][SQL Server]Nom de colonne non valide : 'Nom_Journal'.
[2025-05-30 20:43:06] ERROR: Erreur PDO lors de la récupération des journaux pour le filtre: SQLSTATE[42S22]: [Microsoft][ODBC Driver 17 for SQL Server][SQL Server]Nom de colonne non valide : 'Nom_Journal'.
[2025-05-30 20:43:08] ERROR: Erreur PDO lors de la récupération des journaux pour le filtre: SQLSTATE[42S22]: [Microsoft][ODBC Driver 17 for SQL Server][SQL Server]Nom de colonne non valide : 'Nom_Journal'.
[2025-05-30 20:43:08] ERROR: Erreur PDO lors de la génération du Journal Général: SQLSTATE[22007]: [Microsoft][ODBC Driver 17 for SQL Server][SQL Server]La conversion d'un type de données nvarchar en type de données datetime a créé une valeur hors limites.
[2025-05-30 20:43:14] ERROR: Erreur PDO lors de la récupération des journaux pour le filtre: SQLSTATE[42S22]: [Microsoft][ODBC Driver 17 for SQL Server][SQL Server]Nom de colonne non valide : 'Nom_Journal'.
[2025-05-30 20:43:14] ERROR: Erreur PDO lors de la génération du Journal Général: SQLSTATE[22007]: [Microsoft][ODBC Driver 17 for SQL Server][SQL Server]La conversion d'un type de données nvarchar en type de données datetime a créé une valeur hors limites.
[2025-05-30 20:43:22] ERROR: Erreur PDO lors de la génération du Grand Livre: SQLSTATE[22007]: [Microsoft][ODBC Driver 17 for SQL Server][SQL Server]La conversion d'un type de données nvarchar en type de données datetime a créé une valeur hors limites.
[2025-05-30 20:43:28] ERROR: Erreur lors de la génération du Tableau des Flux de Trésorerie: SQLSTATE[IMSSP]: An error occurred substituting the named parameters.
[2025-06-02 09:30:00] ERROR: Erreur PDO lors de la récupération des journaux pour le filtre: SQLSTATE[42S22]: [Microsoft][ODBC Driver 17 for SQL Server][SQL Server]Nom de colonne non valide : 'Nom_Journal'.
[2025-06-02 09:32:57] ERROR: Erreur lors de la génération du Tableau des Flux de Trésorerie: SQLSTATE[IMSSP]: An error occurred substituting the named parameters.
[2025-06-06 15:04:47] ERROR: Erreur PDO lors de la récupération des journaux pour le filtre: SQLSTATE[42S22]: [Microsoft][ODBC Driver 17 for SQL Server][SQL Server]Nom de colonne non valide : 'Nom_Journal'.
[2025-06-06 15:05:50] ERROR: Erreur PDO lors de la génération du Grand Livre: SQLSTATE[22007]: [Microsoft][ODBC Driver 17 for SQL Server][SQL Server]La conversion d'un type de données nvarchar en type de données datetime a créé une valeur hors limites.
[2025-06-06 15:06:20] ERROR: Erreur PDO lors de la récupération des journaux pour le filtre: SQLSTATE[42S22]: [Microsoft][ODBC Driver 17 for SQL Server][SQL Server]Nom de colonne non valide : 'Nom_Journal'.
[2025-06-06 15:09:30] ERROR: Erreur PDO lors de la génération du Compte de Résultat: SQLSTATE[22007]: [Microsoft][ODBC Driver 17 for SQL Server][SQL Server]La conversion d'un type de données nvarchar en type de données datetime a créé une valeur hors limites.
[2025-06-06 15:19:23] ERROR: Erreur PDO lors de la génération du Grand Livre: SQLSTATE[22007]: [Microsoft][ODBC Driver 17 for SQL Server][SQL Server]La conversion d'un type de données nvarchar en type de données datetime a créé une valeur hors limites.
[2025-06-06 15:19:35] ERROR: Erreur lors de la génération du Tableau des Flux de Trésorerie: SQLSTATE[IMSSP]: An error occurred substituting the named parameters.
[2025-06-06 15:21:50] ERROR: Erreur PDO lors de la génération des prévisions: SQLSTATE[22007]: [Microsoft][ODBC Driver 17 for SQL Server][SQL Server]La conversion d'un type de données nvarchar en type de données datetime a créé une valeur hors limites.
