[12-Jun-2025 16:27:18 Europe/Berlin] Tentative de connexion échouée pour l'utilisateur : vbvbgvb (Utilisateur non trouvé)
[12-Jun-2025 16:31:45 Europe/Berlin] Tentative de connexion échouée pour l'utilisateur : brice (Mot de passe incorrect)
[12-Jun-2025 16:45:07 Europe/Berlin] Tentative de connexion échouée pour l'utilisateur : Tamboug (Mot de passe incorrect)
[12-Jun-2025 16:45:57 Europe/Berlin] Tentative de connexion échouée pour l'utilisateur : Tamboug (Mot de passe incorrect)
[12-Jun-2025 16:52:00 Europe/Berlin] Tentative de connexion échouée pour l'utilisateur : Tamboug (Mot de passe incorrect)
[13-Jun-2025 09:54:24 Europe/Berlin] PHP Fatal error:  Uncaught TypeError: checkPasswordExpiry(): Argument #1 ($lastLoginDate) must be of type DateTime|string, null given, called in C:\xampp\htdocs\bailcompta360\pages\authentification.php on line 229 and defined in C:\xampp\htdocs\bailcompta360\pages\authentification.php:157
Stack trace:
#0 C:\xampp\htdocs\bailcompta360\pages\authentification.php(229): checkPasswordExpiry(NULL, 3)
#1 {main}
  thrown in C:\xampp\htdocs\bailcompta360\pages\authentification.php on line 157
[24-Jun-2025 11:51:30 Europe/Berlin] Tentative de connexion échouée pour l'utilisateur : Tamboug (Mot de passe incorrect)
[24-Jun-2025 11:51:46 Europe/Berlin] Tentative de connexion échouée pour l'utilisateur : Tamboug (Mot de passe incorrect)
[30-Jun-2025 11:33:58 Europe/Berlin] Erreur de connexion à la base de données: SQLSTATE[IMSSP]: An invalid keyword 'Integrated Security' was specified in the DSN string.
[30-Jun-2025 11:35:17 Europe/Berlin] Erreur de connexion à la base de données: SQLSTATE[08001]: [Microsoft][ODBC Driver 17 for SQL Server]Valeur non valide spécifiée pour l'attribut chaîne de connexion 'Authentication'
[30-Jun-2025 11:39:14 Europe/Berlin] Erreur de connexion à la base de données: SQLSTATE[IMSSP]: An invalid keyword 'Trusted_Connection' was specified in the DSN string.
[30-Jun-2025 11:39:17 Europe/Berlin] Erreur de connexion à la base de données: SQLSTATE[IMSSP]: An invalid keyword 'Trusted_Connection' was specified in the DSN string.
[01-Jul-2025 17:10:11 Europe/Berlin] Tentative de connexion échouée pour l'utilisateur : Tamboug (Mot de passe incorrect)
[01-Jul-2025 17:11:02 Europe/Berlin] Tentative de connexion échouée pour l'utilisateur : Tamboug (Mot de passe incorrect)
[04-Jul-2025 15:15:13 Europe/Berlin] Tentative de connexion échouée pour l'utilisateur : mreka (Utilisateur non trouvé)
[04-Jul-2025 15:28:33 Europe/Berlin] Tentative de connexion échouée pour l'utilisateur : Tamboug (Mot de passe incorrect)
[04-Jul-2025 15:28:44 Europe/Berlin] Tentative de connexion échouée pour l'utilisateur : Tamboug (Mot de passe incorrect)
[04-Jul-2025 15:29:12 Europe/Berlin] Tentative de connexion échouée pour l'utilisateur : Tamboug (Mot de passe incorrect)
[04-Jul-2025 15:29:36 Europe/Berlin] Tentative de connexion échouée pour l'utilisateur : Tamboug (Mot de passe incorrect)
[07-Jul-2025 17:12:21 Europe/Berlin] Compte bloqué pour l'utilisateur : Tamboug jusqu'à 2025-07-07 17:27:21
[07-Jul-2025 21:32:40 Europe/Berlin] Compte bloqué pour l'utilisateur : Tamboug jusqu'à 2025-07-07 21:47:40
[07-Jul-2025 23:45:03 Europe/Berlin] Compte bloqué pour l'utilisateur : Tamboug jusqu'à 2025-07-08 00:00:03
[08-Jul-2025 00:11:07 Europe/Berlin] Compte bloqué pour l'utilisateur : Tamboug jusqu'à 2025-07-08 00:26:07
[08-Jul-2025 12:15:50 Europe/Berlin] Compte bloqué pour l'utilisateur : toguo jusqu'à 2025-07-08 12:30:50
[08-Jul-2025 12:55:44 Europe/Berlin] PHP Fatal error:  Uncaught Error: Call to undefined function getPdo() in C:\xampp\htdocs\bailcompta360\pages\authentification.php:20
Stack trace:
#0 {main}
  thrown in C:\xampp\htdocs\bailcompta360\pages\authentification.php on line 20
[08-Jul-2025 17:32:17 Europe/Berlin] PHP Deprecated:  Optional parameter $userId declared before required parameter $objetProtege is implicitly treated as a required parameter in C:\xampp\htdocs\bailcompta360\fonctions\gestion_utilisateurs.php on line 178
[08-Jul-2025 17:32:18 Europe/Berlin] PHP Deprecated:  Optional parameter $profilId declared before required parameter $objetProtege is implicitly treated as a required parameter in C:\xampp\htdocs\bailcompta360\fonctions\gestion_utilisateurs.php on line 178
[08-Jul-2025 17:32:18 Europe/Berlin] PHP Fatal error:  Uncaught Error: Call to undefined function getDatabaseConnection() in C:\xampp\htdocs\bailcompta360\pages\authentification.php:21
Stack trace:
#0 {main}
  thrown in C:\xampp\htdocs\bailcompta360\pages\authentification.php on line 21
[08-Jul-2025 17:33:23 Europe/Berlin] PHP Deprecated:  Optional parameter $userId declared before required parameter $objetProtege is implicitly treated as a required parameter in C:\xampp\htdocs\bailcompta360\fonctions\gestion_utilisateurs.php on line 178
[08-Jul-2025 17:33:23 Europe/Berlin] PHP Deprecated:  Optional parameter $profilId declared before required parameter $objetProtege is implicitly treated as a required parameter in C:\xampp\htdocs\bailcompta360\fonctions\gestion_utilisateurs.php on line 178
[08-Jul-2025 17:38:07 Europe/Berlin] PHP Deprecated:  Optional parameter $userId declared before required parameter $objetProtege is implicitly treated as a required parameter in C:\xampp\htdocs\bailcompta360\fonctions\gestion_utilisateurs.php on line 178
[08-Jul-2025 17:38:07 Europe/Berlin] PHP Deprecated:  Optional parameter $profilId declared before required parameter $objetProtege is implicitly treated as a required parameter in C:\xampp\htdocs\bailcompta360\fonctions\gestion_utilisateurs.php on line 178
[08-Jul-2025 18:01:51 Europe/Berlin] PHP Deprecated:  Optional parameter $userId declared before required parameter $objetProtege is implicitly treated as a required parameter in C:\xampp\htdocs\bailcompta360\fonctions\gestion_utilisateurs.php on line 212
[08-Jul-2025 18:01:51 Europe/Berlin] PHP Deprecated:  Optional parameter $profilId declared before required parameter $objetProtege is implicitly treated as a required parameter in C:\xampp\htdocs\bailcompta360\fonctions\gestion_utilisateurs.php on line 212
[08-Jul-2025 18:12:42 Europe/Berlin] PHP Deprecated:  Optional parameter $userId declared before required parameter $objetProtege is implicitly treated as a required parameter in C:\xampp\htdocs\bailcompta360\fonctions\gestion_utilisateurs.php on line 212
[08-Jul-2025 18:12:42 Europe/Berlin] PHP Deprecated:  Optional parameter $profilId declared before required parameter $objetProtege is implicitly treated as a required parameter in C:\xampp\htdocs\bailcompta360\fonctions\gestion_utilisateurs.php on line 212
[09-Jul-2025 09:16:30 Europe/Berlin] PHP Deprecated:  Optional parameter $userId declared before required parameter $objetProtege is implicitly treated as a required parameter in C:\xampp\htdocs\bailcompta360\fonctions\gestion_utilisateurs.php on line 212
[09-Jul-2025 09:16:30 Europe/Berlin] PHP Deprecated:  Optional parameter $profilId declared before required parameter $objetProtege is implicitly treated as a required parameter in C:\xampp\htdocs\bailcompta360\fonctions\gestion_utilisateurs.php on line 212
[09-Jul-2025 10:23:36 Europe/Berlin] PHP Deprecated:  Optional parameter $userId declared before required parameter $objetProtege is implicitly treated as a required parameter in C:\xampp\htdocs\bailcompta360\fonctions\gestion_utilisateurs.php on line 212
[09-Jul-2025 10:23:36 Europe/Berlin] PHP Deprecated:  Optional parameter $profilId declared before required parameter $objetProtege is implicitly treated as a required parameter in C:\xampp\htdocs\bailcompta360\fonctions\gestion_utilisateurs.php on line 212
[09-Jul-2025 10:52:56 Europe/Berlin] PHP Deprecated:  Optional parameter $userId declared before required parameter $objetProtege is implicitly treated as a required parameter in C:\xampp\htdocs\bailcompta360\fonctions\gestion_utilisateurs.php on line 212
[09-Jul-2025 10:52:56 Europe/Berlin] PHP Deprecated:  Optional parameter $profilId declared before required parameter $objetProtege is implicitly treated as a required parameter in C:\xampp\htdocs\bailcompta360\fonctions\gestion_utilisateurs.php on line 212
[09-Jul-2025 11:55:51 Europe/Berlin] PHP Deprecated:  Optional parameter $userId declared before required parameter $objetProtege is implicitly treated as a required parameter in C:\xampp\htdocs\bailcompta360\fonctions\gestion_utilisateurs.php on line 212
[09-Jul-2025 11:55:51 Europe/Berlin] PHP Deprecated:  Optional parameter $profilId declared before required parameter $objetProtege is implicitly treated as a required parameter in C:\xampp\htdocs\bailcompta360\fonctions\gestion_utilisateurs.php on line 212
[09-Jul-2025 11:56:06 Europe/Berlin] PHP Deprecated:  Optional parameter $userId declared before required parameter $objetProtege is implicitly treated as a required parameter in C:\xampp\htdocs\bailcompta360\fonctions\gestion_utilisateurs.php on line 212
[09-Jul-2025 11:56:06 Europe/Berlin] PHP Deprecated:  Optional parameter $profilId declared before required parameter $objetProtege is implicitly treated as a required parameter in C:\xampp\htdocs\bailcompta360\fonctions\gestion_utilisateurs.php on line 212
[09-Jul-2025 12:13:04 Europe/Berlin] PHP Deprecated:  Optional parameter $userId declared before required parameter $objetProtege is implicitly treated as a required parameter in C:\xampp\htdocs\bailcompta360\fonctions\gestion_utilisateurs.php on line 212
[09-Jul-2025 12:13:04 Europe/Berlin] PHP Deprecated:  Optional parameter $profilId declared before required parameter $objetProtege is implicitly treated as a required parameter in C:\xampp\htdocs\bailcompta360\fonctions\gestion_utilisateurs.php on line 212
[09-Jul-2025 13:01:28 Europe/Berlin] PHP Deprecated:  Optional parameter $userId declared before required parameter $objetProtege is implicitly treated as a required parameter in C:\xampp\htdocs\bailcompta360\fonctions\gestion_utilisateurs.php on line 212
[09-Jul-2025 13:01:28 Europe/Berlin] PHP Deprecated:  Optional parameter $profilId declared before required parameter $objetProtege is implicitly treated as a required parameter in C:\xampp\htdocs\bailcompta360\fonctions\gestion_utilisateurs.php on line 212
