[2025-07-04 13:54:30] User ID: N/A (Guest) - Génération du Compte de Résultat par l'utilisateur ID: 7 pour la période du 2025-01-01 au 2025-12-31.
[2025-07-04 15:20:05] User ID: N/A (Guest) - Génération du Journal Général par l'utilisateur ID: 7 pour la période du 2025-01-01 au 2025-12-31.
[2025-07-04 15:20:10] User ID: N/A (Guest) - Génération du Journal Général par l'utilisateur ID: 7 pour la période du 2025-01-01 au 2025-12-31.
[2025-07-04 15:22:32] User ID: N/A (Guest) - Génération du Grand Livre pour le compte ID: 2 par l'utilisateur ID:  pour la période du 2025-01-01 au 2025-12-31.
[2025-07-07 16:04:00] User ID: N/A (Guest) - Génération du Journal Général par l'utilisateur ID: 7 pour la période du 2025-01-01 au 2025-12-31.
[2025-07-07 16:31:23] User ID: N/A (Guest) - Génération des prévisions financières (base: last_year, horizon: 12 months, croissance: 0%) par l'utilisateur ID: 7.
[2025-07-07 16:32:26] User ID: N/A (Guest) - Consultation de la Performance Budgétaire pour l'année: 2025 par l'utilisateur ID: 7.
[2025-07-07 16:32:31] User ID: N/A (Guest) - Génération des prévisions financières (base: last_year, horizon: 12 months, croissance: 0%) par l'utilisateur ID: 7.
[2025-07-07 16:32:40] User ID: N/A (Guest) - Génération du Journal Général par l'utilisateur ID: 7 pour la période du 2025-01-01 au 2025-12-31.
[2025-07-07 16:32:41] User ID: N/A (Guest) - Génération du Journal Général par l'utilisateur ID: 7 pour la période du 2025-01-01 au 2025-12-31.
[2025-07-07 16:32:51] User ID: N/A (Guest) - Génération du Grand Livre pour le compte ID: 2 par l'utilisateur ID:  pour la période du 2025-01-01 au 2025-12-31.
[2025-07-07 16:38:25] User ID: N/A (Guest) - Génération du Tableau des Flux de Trésorerie par l'utilisateur ID:  pour la période du 2025-01-01 au 2025-12-31.
[2025-07-07 17:33:34] User ID: N/A (Guest) - Lancement de la vérification d'intégrité des données par l'utilisateur ID: 
[2025-07-07 23:49:48] User ID: N/A (Guest) - Consultation de la Performance Budgétaire pour l'année: 2025 par l'utilisateur ID: 7.
[2025-07-07 23:49:51] User ID: N/A (Guest) - Génération des prévisions financières (base: last_year, horizon: 12 months, croissance: 0%) par l'utilisateur ID: 7.
[2025-07-07 23:50:10] User ID: N/A (Guest) - Génération du Compte de Résultat par l'utilisateur ID: 7 pour la période du 2025-01-01 au 2025-12-31.
[2025-07-07 23:50:12] User ID: N/A (Guest) - Génération du Journal Général par l'utilisateur ID: 7 pour la période du 2025-01-01 au 2025-12-31.
[2025-07-07 23:50:13] User ID: N/A (Guest) - Génération du Journal Général par l'utilisateur ID: 7 pour la période du 2025-01-01 au 2025-12-31.
[2025-07-07 23:50:22] User ID: N/A (Guest) - Génération du Grand Livre pour le compte ID: 4 par l'utilisateur ID:  pour la période du 2025-01-01 au 2025-12-31.
[2025-07-07 23:50:26] User ID: N/A (Guest) - Génération du Tableau des Flux de Trésorerie par l'utilisateur ID:  pour la période du 2025-01-01 au 2025-12-31.
[2025-07-08 16:56:10] User ID: N/A (Guest) - Consultation de la Performance Budgétaire pour l'année: 2025 par l'utilisateur ID: 7.
[2025-07-08 16:56:13] User ID: N/A (Guest) - Consultation de la Performance Budgétaire pour l'année: 2025 par l'utilisateur ID: 7.
[2025-07-08 16:56:17] User ID: N/A (Guest) - Génération des prévisions financières (base: last_year, horizon: 12 months, croissance: 0%) par l'utilisateur ID: 7.
[2025-07-08 16:56:26] User ID: N/A (Guest) - Génération du Compte de Résultat par l'utilisateur ID: 7 pour la période du 2025-01-01 au 2025-12-31.
[2025-07-08 16:56:29] User ID: N/A (Guest) - Génération du Journal Général par l'utilisateur ID: 7 pour la période du 2025-01-01 au 2025-12-31.
[2025-07-08 16:56:30] User ID: N/A (Guest) - Génération du Journal Général par l'utilisateur ID: 7 pour la période du 2025-01-01 au 2025-12-31.
[2025-07-08 16:56:45] User ID: N/A (Guest) - Génération du Grand Livre pour le compte ID: 75 par l'utilisateur ID:  pour la période du 2025-01-01 au 2025-12-31.
[2025-07-08 16:57:05] User ID: N/A (Guest) - Génération du Journal Général par l'utilisateur ID: 7 pour la période du 2025-01-01 au 2025-12-31.
[2025-07-08 16:57:07] User ID: N/A (Guest) - Génération du Journal Général par l'utilisateur ID: 7 pour la période du 2025-01-01 au 2025-12-31.
[2025-07-08 16:57:16] User ID: N/A (Guest) - Génération du Journal Général par l'utilisateur ID: 7 pour la période du 2025-01-01 au 2025-12-31.
[2025-07-08 16:57:25] User ID: N/A (Guest) - Génération du Journal Général par l'utilisateur ID: 7 pour la période du 2025-01-01 au 2025-12-31.
[2025-07-08 16:57:42] User ID: N/A (Guest) - Génération du Journal Général par l'utilisateur ID: 7 pour la période du 2025-01-01 au 2025-12-31.
[2025-07-08 16:58:11] User ID: N/A (Guest) - Génération du Grand Livre pour le compte ID: 47 par l'utilisateur ID:  pour la période du 2025-01-01 au 2025-12-31.
[2025-07-08 16:58:35] User ID: N/A (Guest) - Génération du Tableau des Flux de Trésorerie par l'utilisateur ID:  pour la période du 2025-01-01 au 2025-12-31.
[2025-07-09 11:13:59] User ID: N/A (Guest) - Lancement de la vérification d'intégrité des données par l'utilisateur ID: 
[2025-07-09 11:16:50] User ID: N/A (Guest) - Lancement de la vérification d'intégrité des données par l'utilisateur ID: 5
[2025-07-09 11:16:55] User ID: N/A (Guest) - Lancement de la vérification d'intégrité des données par l'utilisateur ID: 5
[2025-07-09 11:20:28] User ID: N/A (Guest) - Lancement de la vérification d'intégrité des données par l'utilisateur ID: 5
[2025-07-09 11:20:38] User ID: N/A (Guest) - Lancement de la vérification d'intégrité des données par l'utilisateur ID: 5
[2025-07-09 11:24:20] User ID: N/A (Guest) - Lancement de la vérification d'intégrité des données par l'utilisateur ID: 5
[2025-07-09 11:32:34] User ID: N/A (Guest) - Lancement de la vérification d'intégrité des données par l'utilisateur ID: 5
[2025-07-09 11:39:33] User ID: N/A (Guest) - Lancement de la vérification d'intégrité des données par l'utilisateur ID: 5
[2025-07-09 11:39:45] User ID: N/A (Guest) - Lancement de la vérification d'intégrité des données par l'utilisateur ID: 5
[2025-07-09 11:43:05] User ID: N/A (Guest) - Lancement de la vérification d'intégrité des données par l'utilisateur ID: 5
[2025-07-09 11:52:10] User ID: N/A (Guest) - Lancement de la vérification d'intégrité des données par l'utilisateur ID: 5
[2025-07-09 11:54:00] User ID: N/A (Guest) - Lancement de la vérification d'intégrité des données par l'utilisateur ID: 5
